\BOOKMARK [0][-]{chapter.1}{\376\377\000A\000b\000o\000u\000t\000\040\000t\000h\000e\000\040\000W\000e\000b}{}% 1
\BOOKMARK [1][-]{section.1.1}{\376\377\000R\000e\000q\000u\000e\000s\000t\000s\000\040\000a\000n\000d\000\040\000r\000e\000s\000p\000o\000n\000s\000e\000s}{chapter.1}% 2
\BOOKMARK [1][-]{section.1.2}{\376\377\000H\000T\000M\000L}{chapter.1}% 3
\BOOKMARK [1][-]{section.1.3}{\376\377\000C\000S\000S}{chapter.1}% 4
\BOOKMARK [1][-]{section.1.4}{\376\377\000J\000a\000v\000a\000S\000c\000r\000i\000p\000t}{chapter.1}% 5
\BOOKMARK [1][-]{section.1.5}{\376\377\000T\000h\000a\000n\000k\000s\000!}{chapter.1}% 6
\BOOKMARK [0][-]{chapter.2}{\376\377\000A\000n\000\040\000i\000n\000t\000r\000o\000d\000u\000c\000t\000i\000o\000n\000\040\000t\000o\000\040\000j\000s\000P\000s\000y\000c\000h}{}% 7
\BOOKMARK [1][-]{section.2.1}{\376\377\000O\000v\000e\000r\000v\000i\000e\000w}{chapter.2}% 8
\BOOKMARK [1][-]{section.2.2}{\376\377\000A\000n\000a\000t\000o\000m\000y\000\040\000o\000f\000\040\000j\000s\000P\000s\000y\000c\000h\000\040\000e\000x\000p\000e\000r\000i\000m\000e\000n\000t\000\040\000c\000o\000d\000e}{chapter.2}% 9
\BOOKMARK [1][-]{section.2.3}{\376\377\000E\000x\000e\000r\000c\000i\000s\000e\000\040\0001\000\040\040\023\000\040\000F\000i\000r\000s\000t\000\040\000e\000x\000p\000e\000r\000i\000m\000e\000n\000t}{chapter.2}% 10
\BOOKMARK [1][-]{section.2.4}{\376\377\000P\000r\000a\000c\000t\000i\000c\000a\000l\000i\000t\000i\000e\000s}{chapter.2}% 11
\BOOKMARK [1][-]{section.2.5}{\376\377\000B\000r\000o\000w\000s\000e\000r\000\040\000D\000e\000v\000e\000l\000o\000p\000e\000r\000\040\000T\000o\000o\000l\000s}{chapter.2}% 12
\BOOKMARK [1][-]{section.2.6}{\376\377\000S\000o\000m\000e\000\040\000m\000o\000r\000e\000\040\000c\000a\000p\000a\000b\000i\000l\000i\000t\000i\000e\000s\000\040\000o\000f\000\040\000j\000s\000P\000s\000y\000c\000h}{chapter.2}% 13
\BOOKMARK [1][-]{section.2.7}{\376\377\000E\000x\000e\000r\000c\000i\000s\000e\000\040\0002\000\040\040\023\000\040\000S\000t\000r\000o\000o\000p\000\040\000t\000a\000s\000k}{chapter.2}% 14
\BOOKMARK [1][-]{section.2.8}{\376\377\000E\000x\000e\000r\000c\000i\000s\000e\000\040\0003\000\040\040\023\000\040\000S\000a\000v\000i\000n\000g\000\040\000d\000a\000t\000a}{chapter.2}% 15
\BOOKMARK [1][-]{section.2.9}{\376\377\000E\000x\000t\000r\000a\000\040\000E\000x\000e\000r\000c\000i\000s\000e\000\040\000-\000\040\000P\000a\000r\000t\000i\000c\000i\000p\000a\000n\000t\000\040\000n\000u\000m\000b\000e\000r\000s}{chapter.2}% 16
\BOOKMARK [0][-]{chapter.3}{\376\377\000D\000a\000t\000a\000b\000a\000s\000e\000\040\000s\000a\000v\000i\000n\000g\000\040\000e\000x\000a\000m\000p\000l\000e}{}% 17
\BOOKMARK [0][-]{chapter.4}{\376\377\000R\000e\000p\000e\000t\000i\000t\000i\000o\000n\000\040\000c\000o\000d\000e\000\040\000e\000x\000a\000m\000p\000l\000e}{}% 18
\BOOKMARK [0][-]{chapter.5}{\376\377\000F\000a\000c\000t\000o\000r\000i\000a\000l\000\040\000c\000o\000d\000e\000\040\000e\000x\000a\000m\000p\000l\000e}{}% 19
\BOOKMARK [0][-]{chapter.6}{\376\377\000F\000a\000c\000t\000o\000r\000i\000a\000l\000\040\000c\000o\000d\000e\000\040\000e\000x\000a\000m\000p\000l\000e\000\040\000w\000i\000t\000h\000\040\000f\000i\000x\000a\000t\000i\000o\000n}{}% 20
\BOOKMARK [0][-]{chapter.7}{\376\377\000D\000a\000t\000a\000\040\000s\000a\000v\000i\000n\000g\000\040\000e\000x\000a\000m\000p\000l\000e}{}% 21
\BOOKMARK [0][-]{chapter.8}{\376\377\000L\000i\000n\000e\000-\000b\000y\000-\000l\000i\000n\000e\000\040\000d\000a\000t\000a\000\040\000s\000a\000v\000i\000n\000g\000\040\000e\000x\000a\000m\000p\000l\000e}{}% 22
\BOOKMARK [0][-]{chapter.9}{\376\377\000S\000o\000l\000u\000t\000i\000o\000n\000\040\000t\000o\000\040\000s\000u\000r\000v\000e\000y\000-\000t\000e\000x\000t\000\040\000e\000x\000e\000r\000c\000i\000s\000e}{}% 23
\BOOKMARK [0][-]{chapter.10}{\376\377\000P\000H\000P\000\040\000c\000o\000d\000e\000\040\000t\000o\000\040\000r\000e\000c\000e\000i\000v\000e\000\040\000d\000a\000t\000a\000\040\000o\000n\000\040\000t\000h\000e\000\040\000s\000e\000r\000v\000e\000r}{}% 24
\BOOKMARK [0][-]{chapter.11}{\376\377\000E\000x\000a\000m\000p\000l\000e}{}% 25
\BOOKMARK [0][-]{chapter.12}{\376\377\000M\000u\000l\000t\000i\000p\000l\000e\000\040\000i\000m\000a\000g\000e\000s}{}% 26
\BOOKMARK [0][-]{chapter.13}{\376\377\000M\000u\000l\000t\000i\000p\000l\000e\000\040\000i\000m\000a\000g\000e\000s\000\040\000\050\000u\000s\000i\000n\000g\000\040\000a\000\040\000l\000o\000o\000p\000\051}{}% 27
\BOOKMARK [0][-]{chapter.14}{\376\377\000S\000t\000r\000o\000o\000p\000\040\000w\000i\000t\000h\000\040\000t\000i\000m\000e\000l\000i\000n\000e\000\040\000v\000a\000r\000i\000a\000b\000l\000e\000s}{}% 28
\BOOKMARK [0][-]{chapter.15}{\376\377\000S\000t\000r\000o\000o\000p\000\040\000u\000s\000i\000n\000g\000\040\000a\000\040\000l\000o\000o\000p}{}% 29
\BOOKMARK [0][-]{chapter.16}{\376\377\000S\000t\000r\000o\000o\000p\000\040\000w\000i\000t\000h\000\040\000f\000u\000n\000c\000t\000i\000o\000n\000s}{}% 30
